<?xml version="1.0" encoding="UTF-8"?>
<testsuite xmlns:xsi="http://www.w3.org/2001/XMLSchema-instance" xsi:noNamespaceSchemaLocation="https://maven.apache.org/surefire/maven-surefire-plugin/xsd/surefire-test-report-3.0.xsd" version="3.0" name="com.example.calculadorateste" time="0.059" tests="5" errors="0" skipped="0" failures="0">
  <properties>
[...]
</properties>
  <testcase name="testSoma" classname="com.example.calculadorateste" time="0.003"/>
  <testcase name="testeDivisao" classname="com.example.calculadorateste" time="0.0"/>
  <testcase name="testeMultiplicacao" classname="com.example.calculadorateste" time="0.0"/>
  <testcase name="testeSubtracao" classname="com.example.calculadorateste" time="0.0"/>
  <testcase name="testeDivisaoZero" classname="com.example.calculadorateste" time="0.0"/>
</testsuite>